MIG: 15:59:59 : xml_input_file: mig_b.prj
MIG: 15:59:59 : Absolute path of xml_input_file: c:/Users/wym/Desktop/DDR3_HDMI/project_1/project_1.srcs/sources_1/ip/A7_ddr3_mig/mig_b.prj
MIG: 15:59:59 : xml_input_file: mig_b.prj
MIG: 15:59:59 : Absolute path of xml_input_file: c:/Users/wym/Desktop/DDR3_HDMI/project_1/project_1.srcs/sources_1/ip/A7_ddr3_mig/mig_b.prj
MIG: 15:59:59 : In updateAllModelParams
MIG: 15:59:59 : ################# RUNNING MIG BATCH ###################
MIG: 15:59:59 : Writing IN file for 'A7_ddr3_mig'...compDirPath: d:/Xilinx/vivado1704/Vivado/2017.4/data/ip/xilinx/mig_7series_v4_0... instDirPath: c:/Users/wym/Desktop/DDR3_HDMI/project_1/project_1.srcs/sources_1/ip/A7_ddr3_mig
MIG: 15:59:59 : synp_flow:  -- synthesis_mode: Other
MIG: 15:59:59 : outputDirectory: c:/Users/wym/Desktop/DDR3_HDMI/project_1/project_1.srcs/sources_1/ip/A7_ddr3_mig/_tmp/
MIG: 15:59:59 : vivado_mode: xpg_pa
MIG: 15:59:59 :  locked false  
MIG: 15:59:59 : HDL Language: Verilog
MIG: 15:59:59 : compInfo: true
MIG: 15:59:59 : Vivado Options xc7a35t fgg484 -2
MIG: 15:59:59 : 1: xc7a35t 2: fgg484 3: -2
MIG: 15:59:59 : relative mig path: coregen/ip/xilinx/other/com/xilinx/ip/mig_7series_v4_0/bin/nt64/mig.exe
MIG: 15:59:59 : xilinx_path: D:/Xilinx/vivado1704/Vivado/2017.4/ids_lite/ISE
MIG: 15:59:59 : I am in catch area
MIG: 15:59:59 : Running D:/Xilinx/vivado1704/Vivado/2017.4/ids_lite/ISE/coregen/ip/xilinx/other/com/xilinx/ip/mig_7series_v4_0/bin/nt64/mig.exe -cg_exc_inp c:/Users/wym/Desktop/DDR3_HDMI/project_1/project_1.srcs/sources_1/ip/A7_ddr3_mig/xil_txt.in -cg_exc_out c:/Users/wym/Desktop/DDR3_HDMI/project_1/project_1.srcs/sources_1/ip/A7_ddr3_mig/xil_txt.out ... 
MIG: 16:00:16 : XML_INPUT_FILE: c:/Users/wym/Desktop/DDR3_HDMI/project_1/project_1.srcs/sources_1/ip/A7_ddr3_mig/mig_b.prj
MIG: 16:00:16 : Component_Name: A7_ddr3_mig
MIG: 16:00:16 : Moving A7_ddr3_mig ...
MIG: 16:00:16 : Moving A7_ddr3_mig.veo ...
MIG: 16:00:16 : Moving A7_ddr3_mig_xmdf.tcl ...
MIG: 16:00:16 : XGUI hdlLanguage: Verilog
MIG: 16:00:16 : xgui vivado_mode: xpg_pa
MIG: 16:00:16 : xgui hdlLanguage: Verilog -- hdlExt: v
MIG: 16:00:16 : Reading C:/Users/wym/Desktop/DDR3_HDMI/project_1/project_1.srcs/sources_1/ip/A7_ddr3_mig/A7_ddr3_mig/user_design/rtl/A7_ddr3_mig_mig.v ...
MIG: 16:00:16 : 1
MIG: 16:00:16 : Inside fn mem: DDR3
MIG: 16:00:16 : detect_uiclk: 100000000
MIG: 16:00:16 : cntrl:  memtype: DDR3
MIG: 16:00:16 : 800
MIG: 16:00:16 :  MMCM_VCO single ctrl param_name: MMCM_VCO --  possibleMaxVcoVal: 800 
MIG: 16:00:16 : 
MIG: 16:00:16 : 
MIG: 16:00:16 : 100000000
MIG: 16:00:16 : 
MIG: 16:00:16 :  polarity_value: 1
MIG: 16:00:16 : 
MIG: 16:00:16 : 
MIG: 16:00:16 : cntrl:  memtype: DDR3
MIG: 16:00:16 : 
MIG: 16:00:16 :  Valid Param: DDR3_BANK_WIDTH ==> 3
MIG: 16:00:16 : 
MIG: 16:00:16 :  Valid Param: DDR3_CK_WIDTH ==> 1
MIG: 16:00:16 :  Invalid Param: DDR3_COL_WIDTH ==> 10
MIG: 16:00:16 : 
MIG: 16:00:16 :  Valid Param: DDR3_CS_WIDTH ==> 1
MIG: 16:00:16 : 
MIG: 16:00:16 :  Valid Param: DDR3_nCS_PER_RANK ==> 1
MIG: 16:00:16 : 
MIG: 16:00:16 :  Valid Param: DDR3_CKE_WIDTH ==> 1
MIG: 16:00:16 :  Invalid Param: DDR3_DATA_BUF_ADDR_WIDTH ==> 5
MIG: 16:00:16 :  Invalid Param: DDR3_DQ_CNT_WIDTH ==> 4
MIG: 16:00:16 :  Invalid Param: DDR3_DQ_PER_DM ==> 8
MIG: 16:00:16 : 2
MIG: 16:00:16 :  Valid Param: DDR3_DM_WIDTH ==> 2
MIG: 16:00:16 : 16
MIG: 16:00:16 :  Valid Param: DDR3_DQ_WIDTH ==> 16
MIG: 16:00:16 : 2
MIG: 16:00:16 :  Valid Param: DDR3_DQS_WIDTH ==> 2
MIG: 16:00:16 : 
MIG: 16:00:16 :  Valid Param: DDR3_DQS_CNT_WIDTH ==> 1
MIG: 16:00:16 :  Invalid Param: DDR3_DRAM_WIDTH ==> 8
MIG: 16:00:16 : 
MIG: 16:00:17 :  Valid Param: ECC ==> OFF
MIG: 16:00:17 : 16
MIG: 16:00:17 :  Valid Param: DDR3_DATA_WIDTH ==> 16
MIG: 16:00:17 :  Invalid Param: ECC_TEST ==> "OFF"
MIG: 16:00:17 :  Invalid Param: DDR3_PAYLOAD_WIDTH ==> (ECC_TEST == "OFF") ? DATA_WIDTH : DQ_WIDTH
MIG: 16:00:17 :  Invalid Param: DDR3_MEM_ADDR_ORDER ==> "BANK_ROW_COLUMN"
MIG: 16:00:17 :  Invalid Param: DDR3_nBANK_MACHS ==> 4
MIG: 16:00:17 :  Invalid Param: DDR3_RANKS ==> 1
MIG: 16:00:17 : 
MIG: 16:00:17 :  Valid Param: DDR3_ODT_WIDTH ==> 1
MIG: 16:00:17 : 
MIG: 16:00:17 :  Valid Param: DDR3_ROW_WIDTH ==> 14
MIG: 16:00:17 : 28
MIG: 16:00:17 :  Valid Param: DDR3_ADDR_WIDTH ==> 28
MIG: 16:00:17 : 
MIG: 16:00:17 :  Valid Param: DDR3_USE_CS_PORT ==> 1
MIG: 16:00:17 : 
MIG: 16:00:17 :  Valid Param: DDR3_USE_DM_PORT ==> 1
MIG: 16:00:17 : 
MIG: 16:00:17 :  Valid Param: DDR3_USE_ODT_PORT ==> 1
MIG: 16:00:17 :  Invalid Param: DDR3_IS_CLK_SHARED ==> "FALSE"
MIG: 16:00:17 :  Invalid Param: DDR3_PHY_CONTROL_MASTER_BANK ==> 1
MIG: 16:00:17 :  Invalid Param: DDR3_MEM_DENSITY ==> "2Gb"
MIG: 16:00:17 :  Invalid Param: DDR3_MEM_SPEEDGRADE ==> "15E"
MIG: 16:00:17 :  Invalid Param: DDR3_MEM_DEVICE_WIDTH ==> 16
MIG: 16:00:17 :  Invalid Param: DDR3_AL ==> "0"
MIG: 16:00:17 :  Invalid Param: DDR3_nAL ==> 0
MIG: 16:00:17 :  Invalid Param: DDR3_BURST_MODE ==> "8"
MIG: 16:00:17 :  Invalid Param: DDR3_BURST_TYPE ==> "SEQ"
MIG: 16:00:17 :  Invalid Param: DDR3_CL ==> 6
MIG: 16:00:17 :  Invalid Param: DDR3_CWL ==> 5
MIG: 16:00:17 :  Invalid Param: DDR3_OUTPUT_DRV ==> "HIGH"
MIG: 16:00:17 :  Invalid Param: DDR3_RTT_NOM ==> "60"
MIG: 16:00:17 :  Invalid Param: DDR3_RTT_WR ==> "OFF"
MIG: 16:00:17 :  Invalid Param: DDR3_ADDR_CMD_MODE ==> "1T"
MIG: 16:00:17 : 
MIG: 16:00:17 :  Valid Param: DDR3_REG_CTRL ==> OFF
MIG: 16:00:17 :  Invalid Param: DDR3_CA_MIRROR ==> "OFF"
MIG: 16:00:17 :  Invalid Param: DDR3_VDD_OP_VOLT ==> "135"
MIG: 16:00:17 :  Invalid Param: DDR3_CLKIN_PERIOD ==> 5000
MIG: 16:00:17 :  Invalid Param: DDR3_CLKFBOUT_MULT ==> 4
MIG: 16:00:17 :  Invalid Param: DDR3_DIVCLK_DIVIDE ==> 1
MIG: 16:00:17 :  Invalid Param: DDR3_CLKOUT0_PHASE ==> 0.0
MIG: 16:00:17 :  Invalid Param: DDR3_CLKOUT0_DIVIDE ==> 1
MIG: 16:00:17 :  Invalid Param: DDR3_CLKOUT1_DIVIDE ==> 2
MIG: 16:00:17 :  Invalid Param: DDR3_CLKOUT2_DIVIDE ==> 32
MIG: 16:00:17 :  Invalid Param: DDR3_CLKOUT3_DIVIDE ==> 8
MIG: 16:00:17 :  Invalid Param: DDR3_MMCM_VCO ==> 800
MIG: 16:00:17 :  Invalid Param: DDR3_MMCM_MULT_F ==> 8
MIG: 16:00:17 :  Invalid Param: DDR3_MMCM_DIVCLK_DIVIDE ==> 1
MIG: 16:00:17 :  Invalid Param: DDR3_tCKE ==> 5625
MIG: 16:00:17 :  Invalid Param: DDR3_tFAW ==> 45000
MIG: 16:00:17 :  Invalid Param: DDR3_tPRDI ==> 1_000_000
MIG: 16:00:17 :  Invalid Param: DDR3_tRAS ==> 36000
MIG: 16:00:17 :  Invalid Param: DDR3_tRCD ==> 13500
MIG: 16:00:17 :  Invalid Param: DDR3_tREFI ==> 7800000
MIG: 16:00:17 :  Invalid Param: DDR3_tRFC ==> 160000
MIG: 16:00:17 :  Invalid Param: DDR3_tRP ==> 13500
MIG: 16:00:17 :  Invalid Param: DDR3_tRRD ==> 7500
MIG: 16:00:17 :  Invalid Param: DDR3_tRTP ==> 7500
MIG: 16:00:17 :  Invalid Param: DDR3_tWTR ==> 7500
MIG: 16:00:17 :  Invalid Param: DDR3_tZQI ==> 128_000_000
MIG: 16:00:17 :  Invalid Param: DDR3_tZQCS ==> 64
MIG: 16:00:17 :  Invalid Param: DDR3_SIM_BYPASS_INIT_CAL ==> "OFF"
MIG: 16:00:17 :  Invalid Param: DDR3_SIMULATION ==> "FALSE"
MIG: 16:00:17 :  Invalid Param: DDR3_BYTE_LANES_B0 ==> 4'b1100
MIG: 16:00:17 :  Invalid Param: DDR3_BYTE_LANES_B1 ==> 4'b1110
MIG: 16:00:17 :  Invalid Param: DDR3_BYTE_LANES_B2 ==> 4'b0000
MIG: 16:00:17 :  Invalid Param: DDR3_BYTE_LANES_B3 ==> 4'b0000
MIG: 16:00:17 :  Invalid Param: DDR3_BYTE_LANES_B4 ==> 4'b0000
MIG: 16:00:17 :  Invalid Param: DDR3_DATA_CTL_B0 ==> 4'b1100
MIG: 16:00:17 :  Invalid Param: DDR3_DATA_CTL_B1 ==> 4'b0000
MIG: 16:00:17 :  Invalid Param: DDR3_DATA_CTL_B2 ==> 4'b0000
MIG: 16:00:17 :  Invalid Param: DDR3_DATA_CTL_B3 ==> 4'b0000
MIG: 16:00:17 :  Invalid Param: DDR3_DATA_CTL_B4 ==> 4'b0000
MIG: 16:00:17 :  Invalid Param: DDR3_PHY_0_BITLANES ==> 48'h3FE_3FE_000_000
MIG: 16:00:17 :  Invalid Param: DDR3_PHY_1_BITLANES ==> 48'h3FF_FF7_C00_000
MIG: 16:00:17 :  Invalid Param: DDR3_PHY_2_BITLANES ==> 48'h000_000_000_000
MIG: 16:00:17 :  Invalid Param: DDR3_CK_BYTE_MAP ==> 144'h00_00_00_00_00_00_00_00_00_00_00_00_00_00_00_00_00_13
MIG: 16:00:17 :  Invalid Param: DDR3_ADDR_MAP ==> 192'h000_000_124_131_134_139_125_129_122_132_12A_133_12B_127_135_126
MIG: 16:00:17 :  Invalid Param: DDR3_BANK_MAP ==> 36'h128_137_120
MIG: 16:00:17 :  Invalid Param: DDR3_CAS_MAP ==> 12'h136
MIG: 16:00:17 :  Invalid Param: DDR3_CKE_ODT_BYTE_MAP ==> 8'h00
MIG: 16:00:17 :  Invalid Param: DDR3_CKE_MAP ==> 96'h000_000_000_000_000_000_000_11B
MIG: 16:00:17 :  Invalid Param: DDR3_ODT_MAP ==> 96'h000_000_000_000_000_000_000_11A
MIG: 16:00:17 :  Invalid Param: DDR3_CS_MAP ==> 120'h000_000_000_000_000_000_000_000_000_130
MIG: 16:00:17 :  Invalid Param: DDR3_PARITY_MAP ==> 12'h000
MIG: 16:00:17 :  Invalid Param: DDR3_RAS_MAP ==> 12'h138
MIG: 16:00:17 :  Invalid Param: DDR3_WE_MAP ==> 12'h121
MIG: 16:00:17 :  Invalid Param: DDR3_DQS_BYTE_MAP ==> 144'h00_00_00_00_00_00_00_00_00_00_00_00_00_00_00_00_02_03
MIG: 16:00:17 :  Invalid Param: DDR3_DATA0_MAP ==> 96'h031_032_033_034_035_036_037_038
MIG: 16:00:17 :  Invalid Param: DDR3_DATA1_MAP ==> 96'h021_022_023_024_025_026_027_028
MIG: 16:00:17 :  Invalid Param: DDR3_DATA2_MAP ==> 96'h000_000_000_000_000_000_000_000
MIG: 16:00:17 :  Invalid Param: DDR3_DATA3_MAP ==> 96'h000_000_000_000_000_000_000_000
MIG: 16:00:17 :  Invalid Param: DDR3_DATA4_MAP ==> 96'h000_000_000_000_000_000_000_000
MIG: 16:00:17 :  Invalid Param: DDR3_DATA5_MAP ==> 96'h000_000_000_000_000_000_000_000
MIG: 16:00:17 :  Invalid Param: DDR3_DATA6_MAP ==> 96'h000_000_000_000_000_000_000_000
MIG: 16:00:17 :  Invalid Param: DDR3_DATA7_MAP ==> 96'h000_000_000_000_000_000_000_000
MIG: 16:00:17 :  Invalid Param: DDR3_DATA8_MAP ==> 96'h000_000_000_000_000_000_000_000
MIG: 16:00:17 :  Invalid Param: DDR3_DATA9_MAP ==> 96'h000_000_000_000_000_000_000_000
MIG: 16:00:17 :  Invalid Param: DDR3_DATA10_MAP ==> 96'h000_000_000_000_000_000_000_000
MIG: 16:00:17 :  Invalid Param: DDR3_DATA11_MAP ==> 96'h000_000_000_000_000_000_000_000
MIG: 16:00:17 :  Invalid Param: DDR3_DATA12_MAP ==> 96'h000_000_000_000_000_000_000_000
MIG: 16:00:17 :  Invalid Param: DDR3_DATA13_MAP ==> 96'h000_000_000_000_000_000_000_000
MIG: 16:00:17 :  Invalid Param: DDR3_DATA14_MAP ==> 96'h000_000_000_000_000_000_000_000
MIG: 16:00:17 :  Invalid Param: DDR3_DATA15_MAP ==> 96'h000_000_000_000_000_000_000_000
MIG: 16:00:17 :  Invalid Param: DDR3_DATA16_MAP ==> 96'h000_000_000_000_000_000_000_000
MIG: 16:00:17 :  Invalid Param: DDR3_DATA17_MAP ==> 96'h000_000_000_000_000_000_000_000
MIG: 16:00:17 :  Invalid Param: DDR3_MASK0_MAP ==> 108'h000_000_000_000_000_000_000_029_039
MIG: 16:00:17 :  Invalid Param: DDR3_MASK1_MAP ==> 108'h000_000_000_000_000_000_000_000_000
MIG: 16:00:17 :  Invalid Param: DDR3_SLOT_0_CONFIG ==> 8'b0000_0001
MIG: 16:00:17 :  Invalid Param: DDR3_SLOT_1_CONFIG ==> 8'b0000_0000
MIG: 16:00:17 :  Invalid Param: DDR3_IBUF_LPWR_MODE ==> "OFF"
MIG: 16:00:17 :  Invalid Param: DDR3_DATA_IO_IDLE_PWRDWN ==> "ON"
MIG: 16:00:17 :  Invalid Param: DDR3_BANK_TYPE ==> "HR_IO"
MIG: 16:00:17 :  Invalid Param: DDR3_DATA_IO_PRIM_TYPE ==> "HR_LP"
MIG: 16:00:17 :  Invalid Param: DDR3_CKE_ODT_AUX ==> "FALSE"
MIG: 16:00:17 :  Invalid Param: DDR3_USER_REFRESH ==> "OFF"
MIG: 16:00:17 :  Invalid Param: DDR3_WRLVL ==> "ON"
MIG: 16:00:17 :  Invalid Param: DDR3_ORDERING ==> "STRICT"
MIG: 16:00:17 :  Invalid Param: DDR3_CALIB_ROW_ADD ==> 16'h0000
MIG: 16:00:17 :  Invalid Param: DDR3_CALIB_COL_ADD ==> 12'h000
MIG: 16:00:17 :  Invalid Param: DDR3_CALIB_BA_ADD ==> 3'h0
MIG: 16:00:17 :  Invalid Param: DDR3_TCQ ==> 100
MIG: 16:00:17 :  Invalid Param: DDR3_IDELAY_ADJ ==> "OFF"
MIG: 16:00:17 :  Invalid Param: DDR3_FINE_PER_BIT ==> "OFF"
MIG: 16:00:17 :  Invalid Param: DDR3_CENTER_COMP_MODE ==> "OFF"
MIG: 16:00:17 :  Invalid Param: DDR3_PI_VAL_ADJ ==> "OFF"
MIG: 16:00:17 :  Invalid Param: DDR3_IODELAY_GRP0 ==> "A7_DDR3_MIG_IODELAY_MIG0"
MIG: 16:00:17 :  Invalid Param: DDR3_IODELAY_GRP1 ==> "A7_DDR3_MIG_IODELAY_MIG1"
MIG: 16:00:17 :  Invalid Param: DDR3_SYSCLK_TYPE ==> "NO_BUFFER"
MIG: 16:00:17 :  Invalid Param: DDR3_REFCLK_TYPE ==> "USE_SYSTEM_CLOCK"
MIG: 16:00:17 :  Invalid Param: DDR3_SYS_RST_PORT ==> "FALSE"
MIG: 16:00:17 :  Invalid Param: DDR3_FPGA_SPEED_GRADE ==> 2
MIG: 16:00:17 :  Invalid Param: DDR3_CMD_PIPE_PLUS1 ==> "ON"
MIG: 16:00:17 :  Invalid Param: DDR3_DRAM_TYPE ==> "DDR3"
MIG: 16:00:17 :  Invalid Param: DDR3_CAL_WIDTH ==> "HALF"
MIG: 16:00:17 :  Invalid Param: DDR3_STARVE_LIMIT ==> 2
MIG: 16:00:17 :  Invalid Param: DDR3_REF_CLK_MMCM_IODELAY_CTRL ==> "FALSE"
MIG: 16:00:17 :  Invalid Param: DDR3_REFCLK_FREQ ==> 200.0
MIG: 16:00:17 :  Invalid Param: DDR3_DIFF_TERM_REFCLK ==> "TRUE"
MIG: 16:00:17 :  Invalid Param: DDR3_tCK ==> 2500
MIG: 16:00:17 : 4
MIG: 16:00:17 :  Valid Param: DDR3_nCK_PER_CLK ==> 4
MIG: 16:00:17 :  Invalid Param: DDR3_DIFF_TERM_SYSCLK ==> "TRUE"
MIG: 16:00:17 : 
MIG: 16:00:17 :  Valid Param: DDR3_DEBUG_PORT ==> OFF
MIG: 16:00:17 : 
MIG: 16:00:17 :  Invalid Param: DDR3_TEMP_MON_CONTROL ==> "INTERNAL"
MIG: 16:00:17 :  Invalid Param: DDR3_FPGA_VOLT_TYPE ==> "N"
MIG: 16:00:17 :  Invalid Param: DDR3_RST_ACT_LOW ==> 1
MIG: 16:00:17 : NOBUF
MIG: 16:00:17 : NONE
MIG: 16:00:17 : 
MIG: 16:00:17 : Same Interface
MIG: 16:00:18 : xml_input_file: mig_b.prj
MIG: 16:00:18 : Absolute path of xml_input_file: c:/Users/wym/Desktop/DDR3_HDMI/project_1/project_1.srcs/sources_1/ip/A7_ddr3_mig/mig_b.prj
MIG: 16:00:18 : In updateAllModelParams
MIG: 16:00:18 : IGN:     <ModuleName>A7_ddr3_mig</ModuleName> <==>     <ModuleName>A7_ddr3_mig</ModuleName> 
MIG: 16:00:18 : IGN:         <InputClkFreq>200</InputClkFreq> <==>         <InputClkFreq>200</InputClkFreq> 
MIG: 16:00:18 : XGUI hdlLanguage: Verilog
MIG: 16:00:18 : xgui vivado_mode: xpg_pa
MIG: 16:00:18 : xgui hdlLanguage: Verilog -- hdlExt: v
MIG: 16:00:18 : Reading C:/Users/wym/Desktop/DDR3_HDMI/project_1/project_1.srcs/sources_1/ip/A7_ddr3_mig/A7_ddr3_mig/user_design/rtl/A7_ddr3_mig_mig.v ...
MIG: 16:00:19 : 
MIG: 16:00:19 : Inside fn mem: DDR3
MIG: 16:00:19 : detect_uiclk: 100000000
MIG: 16:00:19 : cntrl:  memtype: DDR3
MIG: 16:00:19 : 
MIG: 16:00:19 :  MMCM_VCO single ctrl param_name: MMCM_VCO --  possibleMaxVcoVal: 800 
MIG: 16:00:19 : 
MIG: 16:00:19 : 
MIG: 16:00:19 : 
MIG: 16:00:19 : 
MIG: 16:00:19 :  polarity_value: 1
MIG: 16:00:19 : 
MIG: 16:00:19 : 
MIG: 16:00:19 : cntrl:  memtype: DDR3
MIG: 16:00:19 : 
MIG: 16:00:19 :  Valid Param: DDR3_BANK_WIDTH ==> 3
MIG: 16:00:19 : 
MIG: 16:00:19 :  Valid Param: DDR3_CK_WIDTH ==> 1
MIG: 16:00:19 :  Invalid Param: DDR3_COL_WIDTH ==> 10
MIG: 16:00:19 : 
MIG: 16:00:19 :  Valid Param: DDR3_CS_WIDTH ==> 1
MIG: 16:00:19 : 
MIG: 16:00:19 :  Valid Param: DDR3_nCS_PER_RANK ==> 1
MIG: 16:00:19 : 
MIG: 16:00:19 :  Valid Param: DDR3_CKE_WIDTH ==> 1
MIG: 16:00:19 :  Invalid Param: DDR3_DATA_BUF_ADDR_WIDTH ==> 5
MIG: 16:00:19 :  Invalid Param: DDR3_DQ_CNT_WIDTH ==> 4
MIG: 16:00:19 :  Invalid Param: DDR3_DQ_PER_DM ==> 8
MIG: 16:00:19 : 
MIG: 16:00:19 :  Valid Param: DDR3_DM_WIDTH ==> 2
MIG: 16:00:19 : 
MIG: 16:00:19 :  Valid Param: DDR3_DQ_WIDTH ==> 16
MIG: 16:00:19 : 
MIG: 16:00:19 :  Valid Param: DDR3_DQS_WIDTH ==> 2
MIG: 16:00:19 : 
MIG: 16:00:19 :  Valid Param: DDR3_DQS_CNT_WIDTH ==> 1
MIG: 16:00:19 :  Invalid Param: DDR3_DRAM_WIDTH ==> 8
MIG: 16:00:19 : 
MIG: 16:00:19 :  Valid Param: ECC ==> OFF
MIG: 16:00:19 : 
MIG: 16:00:19 :  Valid Param: DDR3_DATA_WIDTH ==> 16
MIG: 16:00:19 :  Invalid Param: ECC_TEST ==> "OFF"
MIG: 16:00:19 :  Invalid Param: DDR3_PAYLOAD_WIDTH ==> (ECC_TEST == "OFF") ? DATA_WIDTH : DQ_WIDTH
MIG: 16:00:19 :  Invalid Param: DDR3_MEM_ADDR_ORDER ==> "BANK_ROW_COLUMN"
MIG: 16:00:19 :  Invalid Param: DDR3_nBANK_MACHS ==> 4
MIG: 16:00:19 :  Invalid Param: DDR3_RANKS ==> 1
MIG: 16:00:19 : 
MIG: 16:00:19 :  Valid Param: DDR3_ODT_WIDTH ==> 1
MIG: 16:00:19 : 
MIG: 16:00:19 :  Valid Param: DDR3_ROW_WIDTH ==> 14
MIG: 16:00:19 : 
MIG: 16:00:19 :  Valid Param: DDR3_ADDR_WIDTH ==> 28
MIG: 16:00:19 : 
MIG: 16:00:19 :  Valid Param: DDR3_USE_CS_PORT ==> 1
MIG: 16:00:19 : 
MIG: 16:00:19 :  Valid Param: DDR3_USE_DM_PORT ==> 1
MIG: 16:00:19 : 
MIG: 16:00:19 :  Valid Param: DDR3_USE_ODT_PORT ==> 1
MIG: 16:00:19 :  Invalid Param: DDR3_IS_CLK_SHARED ==> "FALSE"
MIG: 16:00:19 :  Invalid Param: DDR3_PHY_CONTROL_MASTER_BANK ==> 1
MIG: 16:00:19 :  Invalid Param: DDR3_MEM_DENSITY ==> "2Gb"
MIG: 16:00:19 :  Invalid Param: DDR3_MEM_SPEEDGRADE ==> "15E"
MIG: 16:00:19 :  Invalid Param: DDR3_MEM_DEVICE_WIDTH ==> 16
MIG: 16:00:19 :  Invalid Param: DDR3_AL ==> "0"
MIG: 16:00:19 :  Invalid Param: DDR3_nAL ==> 0
MIG: 16:00:19 :  Invalid Param: DDR3_BURST_MODE ==> "8"
MIG: 16:00:19 :  Invalid Param: DDR3_BURST_TYPE ==> "SEQ"
MIG: 16:00:19 :  Invalid Param: DDR3_CL ==> 6
MIG: 16:00:19 :  Invalid Param: DDR3_CWL ==> 5
MIG: 16:00:19 :  Invalid Param: DDR3_OUTPUT_DRV ==> "HIGH"
MIG: 16:00:19 :  Invalid Param: DDR3_RTT_NOM ==> "60"
MIG: 16:00:19 :  Invalid Param: DDR3_RTT_WR ==> "OFF"
MIG: 16:00:19 :  Invalid Param: DDR3_ADDR_CMD_MODE ==> "1T"
MIG: 16:00:19 : 
MIG: 16:00:19 :  Valid Param: DDR3_REG_CTRL ==> OFF
MIG: 16:00:19 :  Invalid Param: DDR3_CA_MIRROR ==> "OFF"
MIG: 16:00:19 :  Invalid Param: DDR3_VDD_OP_VOLT ==> "135"
MIG: 16:00:19 :  Invalid Param: DDR3_CLKIN_PERIOD ==> 5000
MIG: 16:00:19 :  Invalid Param: DDR3_CLKFBOUT_MULT ==> 4
MIG: 16:00:19 :  Invalid Param: DDR3_DIVCLK_DIVIDE ==> 1
MIG: 16:00:19 :  Invalid Param: DDR3_CLKOUT0_PHASE ==> 0.0
MIG: 16:00:19 :  Invalid Param: DDR3_CLKOUT0_DIVIDE ==> 1
MIG: 16:00:19 :  Invalid Param: DDR3_CLKOUT1_DIVIDE ==> 2
MIG: 16:00:19 :  Invalid Param: DDR3_CLKOUT2_DIVIDE ==> 32
MIG: 16:00:19 :  Invalid Param: DDR3_CLKOUT3_DIVIDE ==> 8
MIG: 16:00:19 :  Invalid Param: DDR3_MMCM_VCO ==> 800
MIG: 16:00:19 :  Invalid Param: DDR3_MMCM_MULT_F ==> 8
MIG: 16:00:19 :  Invalid Param: DDR3_MMCM_DIVCLK_DIVIDE ==> 1
MIG: 16:00:19 :  Invalid Param: DDR3_tCKE ==> 5625
MIG: 16:00:19 :  Invalid Param: DDR3_tFAW ==> 45000
MIG: 16:00:19 :  Invalid Param: DDR3_tPRDI ==> 1_000_000
MIG: 16:00:19 :  Invalid Param: DDR3_tRAS ==> 36000
MIG: 16:00:19 :  Invalid Param: DDR3_tRCD ==> 13500
MIG: 16:00:19 :  Invalid Param: DDR3_tREFI ==> 7800000
MIG: 16:00:19 :  Invalid Param: DDR3_tRFC ==> 160000
MIG: 16:00:19 :  Invalid Param: DDR3_tRP ==> 13500
MIG: 16:00:19 :  Invalid Param: DDR3_tRRD ==> 7500
MIG: 16:00:19 :  Invalid Param: DDR3_tRTP ==> 7500
MIG: 16:00:19 :  Invalid Param: DDR3_tWTR ==> 7500
MIG: 16:00:19 :  Invalid Param: DDR3_tZQI ==> 128_000_000
MIG: 16:00:19 :  Invalid Param: DDR3_tZQCS ==> 64
MIG: 16:00:19 :  Invalid Param: DDR3_SIM_BYPASS_INIT_CAL ==> "OFF"
MIG: 16:00:19 :  Invalid Param: DDR3_SIMULATION ==> "FALSE"
MIG: 16:00:19 :  Invalid Param: DDR3_BYTE_LANES_B0 ==> 4'b1100
MIG: 16:00:19 :  Invalid Param: DDR3_BYTE_LANES_B1 ==> 4'b1110
MIG: 16:00:19 :  Invalid Param: DDR3_BYTE_LANES_B2 ==> 4'b0000
MIG: 16:00:19 :  Invalid Param: DDR3_BYTE_LANES_B3 ==> 4'b0000
MIG: 16:00:19 :  Invalid Param: DDR3_BYTE_LANES_B4 ==> 4'b0000
MIG: 16:00:19 :  Invalid Param: DDR3_DATA_CTL_B0 ==> 4'b1100
MIG: 16:00:19 :  Invalid Param: DDR3_DATA_CTL_B1 ==> 4'b0000
MIG: 16:00:19 :  Invalid Param: DDR3_DATA_CTL_B2 ==> 4'b0000
MIG: 16:00:19 :  Invalid Param: DDR3_DATA_CTL_B3 ==> 4'b0000
MIG: 16:00:19 :  Invalid Param: DDR3_DATA_CTL_B4 ==> 4'b0000
MIG: 16:00:19 :  Invalid Param: DDR3_PHY_0_BITLANES ==> 48'h3FE_3FE_000_000
MIG: 16:00:19 :  Invalid Param: DDR3_PHY_1_BITLANES ==> 48'h3FF_FF7_C00_000
MIG: 16:00:19 :  Invalid Param: DDR3_PHY_2_BITLANES ==> 48'h000_000_000_000
MIG: 16:00:19 :  Invalid Param: DDR3_CK_BYTE_MAP ==> 144'h00_00_00_00_00_00_00_00_00_00_00_00_00_00_00_00_00_13
MIG: 16:00:19 :  Invalid Param: DDR3_ADDR_MAP ==> 192'h000_000_124_131_134_139_125_129_122_132_12A_133_12B_127_135_126
MIG: 16:00:19 :  Invalid Param: DDR3_BANK_MAP ==> 36'h128_137_120
MIG: 16:00:19 :  Invalid Param: DDR3_CAS_MAP ==> 12'h136
MIG: 16:00:19 :  Invalid Param: DDR3_CKE_ODT_BYTE_MAP ==> 8'h00
MIG: 16:00:19 :  Invalid Param: DDR3_CKE_MAP ==> 96'h000_000_000_000_000_000_000_11B
MIG: 16:00:19 :  Invalid Param: DDR3_ODT_MAP ==> 96'h000_000_000_000_000_000_000_11A
MIG: 16:00:19 :  Invalid Param: DDR3_CS_MAP ==> 120'h000_000_000_000_000_000_000_000_000_130
MIG: 16:00:19 :  Invalid Param: DDR3_PARITY_MAP ==> 12'h000
MIG: 16:00:19 :  Invalid Param: DDR3_RAS_MAP ==> 12'h138
MIG: 16:00:19 :  Invalid Param: DDR3_WE_MAP ==> 12'h121
MIG: 16:00:19 :  Invalid Param: DDR3_DQS_BYTE_MAP ==> 144'h00_00_00_00_00_00_00_00_00_00_00_00_00_00_00_00_02_03
MIG: 16:00:19 :  Invalid Param: DDR3_DATA0_MAP ==> 96'h031_032_033_034_035_036_037_038
MIG: 16:00:19 :  Invalid Param: DDR3_DATA1_MAP ==> 96'h021_022_023_024_025_026_027_028
MIG: 16:00:19 :  Invalid Param: DDR3_DATA2_MAP ==> 96'h000_000_000_000_000_000_000_000
MIG: 16:00:19 :  Invalid Param: DDR3_DATA3_MAP ==> 96'h000_000_000_000_000_000_000_000
MIG: 16:00:19 :  Invalid Param: DDR3_DATA4_MAP ==> 96'h000_000_000_000_000_000_000_000
MIG: 16:00:19 :  Invalid Param: DDR3_DATA5_MAP ==> 96'h000_000_000_000_000_000_000_000
MIG: 16:00:19 :  Invalid Param: DDR3_DATA6_MAP ==> 96'h000_000_000_000_000_000_000_000
MIG: 16:00:19 :  Invalid Param: DDR3_DATA7_MAP ==> 96'h000_000_000_000_000_000_000_000
MIG: 16:00:19 :  Invalid Param: DDR3_DATA8_MAP ==> 96'h000_000_000_000_000_000_000_000
MIG: 16:00:19 :  Invalid Param: DDR3_DATA9_MAP ==> 96'h000_000_000_000_000_000_000_000
MIG: 16:00:19 :  Invalid Param: DDR3_DATA10_MAP ==> 96'h000_000_000_000_000_000_000_000
MIG: 16:00:19 :  Invalid Param: DDR3_DATA11_MAP ==> 96'h000_000_000_000_000_000_000_000
MIG: 16:00:19 :  Invalid Param: DDR3_DATA12_MAP ==> 96'h000_000_000_000_000_000_000_000
MIG: 16:00:19 :  Invalid Param: DDR3_DATA13_MAP ==> 96'h000_000_000_000_000_000_000_000
MIG: 16:00:19 :  Invalid Param: DDR3_DATA14_MAP ==> 96'h000_000_000_000_000_000_000_000
MIG: 16:00:19 :  Invalid Param: DDR3_DATA15_MAP ==> 96'h000_000_000_000_000_000_000_000
MIG: 16:00:19 :  Invalid Param: DDR3_DATA16_MAP ==> 96'h000_000_000_000_000_000_000_000
MIG: 16:00:19 :  Invalid Param: DDR3_DATA17_MAP ==> 96'h000_000_000_000_000_000_000_000
MIG: 16:00:19 :  Invalid Param: DDR3_MASK0_MAP ==> 108'h000_000_000_000_000_000_000_029_039
MIG: 16:00:19 :  Invalid Param: DDR3_MASK1_MAP ==> 108'h000_000_000_000_000_000_000_000_000
MIG: 16:00:19 :  Invalid Param: DDR3_SLOT_0_CONFIG ==> 8'b0000_0001
MIG: 16:00:19 :  Invalid Param: DDR3_SLOT_1_CONFIG ==> 8'b0000_0000
MIG: 16:00:19 :  Invalid Param: DDR3_IBUF_LPWR_MODE ==> "OFF"
MIG: 16:00:19 :  Invalid Param: DDR3_DATA_IO_IDLE_PWRDWN ==> "ON"
MIG: 16:00:19 :  Invalid Param: DDR3_BANK_TYPE ==> "HR_IO"
MIG: 16:00:19 :  Invalid Param: DDR3_DATA_IO_PRIM_TYPE ==> "HR_LP"
MIG: 16:00:19 :  Invalid Param: DDR3_CKE_ODT_AUX ==> "FALSE"
MIG: 16:00:19 :  Invalid Param: DDR3_USER_REFRESH ==> "OFF"
MIG: 16:00:19 :  Invalid Param: DDR3_WRLVL ==> "ON"
MIG: 16:00:19 :  Invalid Param: DDR3_ORDERING ==> "STRICT"
MIG: 16:00:19 :  Invalid Param: DDR3_CALIB_ROW_ADD ==> 16'h0000
MIG: 16:00:19 :  Invalid Param: DDR3_CALIB_COL_ADD ==> 12'h000
MIG: 16:00:19 :  Invalid Param: DDR3_CALIB_BA_ADD ==> 3'h0
MIG: 16:00:19 :  Invalid Param: DDR3_TCQ ==> 100
MIG: 16:00:19 :  Invalid Param: DDR3_IDELAY_ADJ ==> "OFF"
MIG: 16:00:19 :  Invalid Param: DDR3_FINE_PER_BIT ==> "OFF"
MIG: 16:00:19 :  Invalid Param: DDR3_CENTER_COMP_MODE ==> "OFF"
MIG: 16:00:19 :  Invalid Param: DDR3_PI_VAL_ADJ ==> "OFF"
MIG: 16:00:19 :  Invalid Param: DDR3_IODELAY_GRP0 ==> "A7_DDR3_MIG_IODELAY_MIG0"
MIG: 16:00:19 :  Invalid Param: DDR3_IODELAY_GRP1 ==> "A7_DDR3_MIG_IODELAY_MIG1"
MIG: 16:00:19 :  Invalid Param: DDR3_SYSCLK_TYPE ==> "NO_BUFFER"
MIG: 16:00:19 :  Invalid Param: DDR3_REFCLK_TYPE ==> "USE_SYSTEM_CLOCK"
MIG: 16:00:19 :  Invalid Param: DDR3_SYS_RST_PORT ==> "FALSE"
MIG: 16:00:19 :  Invalid Param: DDR3_FPGA_SPEED_GRADE ==> 2
MIG: 16:00:19 :  Invalid Param: DDR3_CMD_PIPE_PLUS1 ==> "ON"
MIG: 16:00:19 :  Invalid Param: DDR3_DRAM_TYPE ==> "DDR3"
MIG: 16:00:19 :  Invalid Param: DDR3_CAL_WIDTH ==> "HALF"
MIG: 16:00:19 :  Invalid Param: DDR3_STARVE_LIMIT ==> 2
MIG: 16:00:19 :  Invalid Param: DDR3_REF_CLK_MMCM_IODELAY_CTRL ==> "FALSE"
MIG: 16:00:19 :  Invalid Param: DDR3_REFCLK_FREQ ==> 200.0
MIG: 16:00:19 :  Invalid Param: DDR3_DIFF_TERM_REFCLK ==> "TRUE"
MIG: 16:00:19 :  Invalid Param: DDR3_tCK ==> 2500
MIG: 16:00:19 : 
MIG: 16:00:19 :  Valid Param: DDR3_nCK_PER_CLK ==> 4
MIG: 16:00:19 :  Invalid Param: DDR3_DIFF_TERM_SYSCLK ==> "TRUE"
MIG: 16:00:19 : 
MIG: 16:00:19 :  Valid Param: DDR3_DEBUG_PORT ==> OFF
MIG: 16:00:19 : 
MIG: 16:00:19 :  Invalid Param: DDR3_TEMP_MON_CONTROL ==> "INTERNAL"
MIG: 16:00:19 :  Invalid Param: DDR3_FPGA_VOLT_TYPE ==> "N"
MIG: 16:00:19 :  Invalid Param: DDR3_RST_ACT_LOW ==> 1
MIG: 16:00:19 : 
MIG: 16:00:19 : 
MIG: 16:00:19 : 
MIG: 16:00:19 : Same Interface
MIG: 16:05:06 : Running synthesis.xit
MIG: 16:05:06 : IGN:     <ModuleName>A7_ddr3_mig</ModuleName> <==>     <ModuleName>A7_ddr3_mig</ModuleName> 
MIG: 16:05:06 : IGN:         <InputClkFreq>200</InputClkFreq> <==>         <InputClkFreq>200</InputClkFreq> 
MIG: 16:05:07 : Running vlog_synth_rpr.xit
MIG: 16:05:07 : IGN:     <ModuleName>A7_ddr3_mig</ModuleName> <==>     <ModuleName>A7_ddr3_mig</ModuleName> 
MIG: 16:05:07 : IGN:         <InputClkFreq>200</InputClkFreq> <==>         <InputClkFreq>200</InputClkFreq> 
MIG: 16:05:07 : Running simulation.xit
MIG: 16:05:07 : IGN:     <ModuleName>A7_ddr3_mig</ModuleName> <==>     <ModuleName>A7_ddr3_mig</ModuleName> 
MIG: 16:05:07 : IGN:         <InputClkFreq>200</InputClkFreq> <==>         <InputClkFreq>200</InputClkFreq> 
MIG: 16:05:08 : Running vlog_sim_rpr.xit .. PRASAD DBG1
MIG: 16:05:08 : IGN:     <ModuleName>A7_ddr3_mig</ModuleName> <==>     <ModuleName>A7_ddr3_mig</ModuleName> 
MIG: 16:05:08 : IGN:         <InputClkFreq>200</InputClkFreq> <==>         <InputClkFreq>200</InputClkFreq> 
MIG: 16:05:08 : Running implementation.xit
MIG: 16:05:08 : IGN:     <ModuleName>A7_ddr3_mig</ModuleName> <==>     <ModuleName>A7_ddr3_mig</ModuleName> 
MIG: 16:05:08 : IGN:         <InputClkFreq>200</InputClkFreq> <==>         <InputClkFreq>200</InputClkFreq> 
