
*** Running vivado
    with args -log mult_gen_0.vds -m64 -product Vivado -mode batch -messageDb vivado.pb -notrace -source mult_gen_0.tcl


****** Vivado v2018.1 (64-bit)
  **** SW Build 2188600 on Wed Apr  4 18:40:38 MDT 2018
  **** IP Build 2185939 on Wed Apr  4 20:55:05 MDT 2018
    ** Copyright 1986-2018 Xilinx, Inc. All Rights Reserved.

source mult_gen_0.tcl -notrace
Command: synth_design -top mult_gen_0 -part xc7a35tfgg484-2 -mode out_of_context
Starting synth_design
Attempting to get a license for feature 'Synthesis' and/or device 'xc7a35t'
INFO: [Common 17-349] Got license for feature 'Synthesis' and/or device 'xc7a35t'
INFO: Launching helper process for spawning children vivado processes
INFO: Helper process launched with PID 14996 
---------------------------------------------------------------------------------
Starting RTL Elaboration : Time (s): cpu = 00:00:18 ; elapsed = 00:00:22 . Memory (MB): peak = 428.918 ; gain = 100.008
---------------------------------------------------------------------------------
INFO: [Synth 8-638] synthesizing module 'mult_gen_0' [f:/FPGA_VIVADO/FPGA_GBET/project_1/project_1.srcs/sources_1/ip/mult_gen_0/synth/mult_gen_0.vhd:68]
WARNING: [Synth 8-5640] Port 'zero_detect' is missing in component declaration [f:/FPGA_VIVADO/FPGA_GBET/project_1/project_1.srcs/sources_1/ip/mult_gen_0/synth/mult_gen_0.vhd:71]
WARNING: [Synth 8-5640] Port 'pcasc' is missing in component declaration [f:/FPGA_VIVADO/FPGA_GBET/project_1/project_1.srcs/sources_1/ip/mult_gen_0/synth/mult_gen_0.vhd:71]
	Parameter C_VERBOSITY bound to: 0 - type: integer 
	Parameter C_MODEL_TYPE bound to: 0 - type: integer 
	Parameter C_OPTIMIZE_GOAL bound to: 1 - type: integer 
	Parameter C_XDEVICEFAMILY bound to: artix7 - type: string 
	Parameter C_HAS_CE bound to: 0 - type: integer 
	Parameter C_HAS_SCLR bound to: 0 - type: integer 
	Parameter C_LATENCY bound to: 1 - type: integer 
	Parameter C_A_WIDTH bound to: 16 - type: integer 
	Parameter C_A_TYPE bound to: 0 - type: integer 
	Parameter C_B_WIDTH bound to: 16 - type: integer 
	Parameter C_B_TYPE bound to: 0 - type: integer 
	Parameter C_OUT_HIGH bound to: 31 - type: integer 
	Parameter C_OUT_LOW bound to: 0 - type: integer 
	Parameter C_MULT_TYPE bound to: 0 - type: integer 
	Parameter C_CE_OVERRIDES_SCLR bound to: 0 - type: integer 
	Parameter C_CCM_IMP bound to: 0 - type: integer 
	Parameter C_B_VALUE bound to: 10000001 - type: string 
	Parameter C_HAS_ZERO_DETECT bound to: 0 - type: integer 
	Parameter C_ROUND_OUTPUT bound to: 0 - type: integer 
	Parameter C_ROUND_PT bound to: 0 - type: integer 
INFO: [Synth 8-3491] module 'mult_gen_v12_0_14' declared at 'f:/FPGA_VIVADO/FPGA_GBET/project_1/project_1.srcs/sources_1/ip/mult_gen_0/hdl/mult_gen_v12_0_vh_rfs.vhd:21013' bound to instance 'U0' of component 'mult_gen_v12_0_14' [f:/FPGA_VIVADO/FPGA_GBET/project_1/project_1.srcs/sources_1/ip/mult_gen_0/synth/mult_gen_0.vhd:120]
INFO: [Synth 8-256] done synthesizing module 'mult_gen_0' (5#1) [f:/FPGA_VIVADO/FPGA_GBET/project_1/project_1.srcs/sources_1/ip/mult_gen_0/synth/mult_gen_0.vhd:68]
WARNING: [Synth 8-3331] design mult_gen_v12_0_14_viv has unconnected port CE
WARNING: [Synth 8-3331] design mult_gen_v12_0_14_viv has unconnected port SCLR
---------------------------------------------------------------------------------
Finished RTL Elaboration : Time (s): cpu = 00:00:26 ; elapsed = 00:00:31 . Memory (MB): peak = 501.648 ; gain = 172.738
---------------------------------------------------------------------------------

Report Check Netlist: 
+------+------------------+-------+---------+-------+------------------+
|      |Item              |Errors |Warnings |Status |Description       |
+------+------------------+-------+---------+-------+------------------+
|1     |multi_driven_nets |      0|        0|Passed |Multi driven nets |
+------+------------------+-------+---------+-------+------------------+
---------------------------------------------------------------------------------
Start Handling Custom Attributes
---------------------------------------------------------------------------------
---------------------------------------------------------------------------------
Finished Handling Custom Attributes : Time (s): cpu = 00:00:27 ; elapsed = 00:00:31 . Memory (MB): peak = 501.648 ; gain = 172.738
---------------------------------------------------------------------------------
---------------------------------------------------------------------------------
Finished RTL Optimization Phase 1 : Time (s): cpu = 00:00:27 ; elapsed = 00:00:31 . Memory (MB): peak = 501.648 ; gain = 172.738
---------------------------------------------------------------------------------
INFO: [Netlist 29-17] Analyzing 416 Unisim elements for replacement
INFO: [Netlist 29-28] Unisim Transformation completed in 0 CPU seconds
INFO: [Device 21-403] Loading part xc7a35tfgg484-2
INFO: [Project 1-570] Preparing netlist for logic optimization

Processing XDC Constraints
Initializing timing engine
Parsing XDC File [f:/FPGA_VIVADO/FPGA_GBET/project_1/project_1.srcs/sources_1/ip/mult_gen_0/mult_gen_0_ooc.xdc] for cell 'U0'
Finished Parsing XDC File [f:/FPGA_VIVADO/FPGA_GBET/project_1/project_1.srcs/sources_1/ip/mult_gen_0/mult_gen_0_ooc.xdc] for cell 'U0'
Parsing XDC File [F:/FPGA_VIVADO/FPGA_GBET/project_1/project_1.runs/mult_gen_0_synth_1/dont_touch.xdc]
Finished Parsing XDC File [F:/FPGA_VIVADO/FPGA_GBET/project_1/project_1.runs/mult_gen_0_synth_1/dont_touch.xdc]
Completed Processing XDC Constraints

INFO: [Project 1-111] Unisim Transformation Summary:
  A total of 136 instances were transformed.
  MULT_AND => LUT2: 136 instances

Constraint Validation Runtime : Time (s): cpu = 00:00:00 ; elapsed = 00:00:00.050 . Memory (MB): peak = 822.852 ; gain = 1.570
---------------------------------------------------------------------------------
Finished Constraint Validation : Time (s): cpu = 00:01:00 ; elapsed = 00:01:11 . Memory (MB): peak = 822.852 ; gain = 493.941
---------------------------------------------------------------------------------
---------------------------------------------------------------------------------
Start Loading Part and Timing Information
---------------------------------------------------------------------------------
Loading part: xc7a35tfgg484-2
---------------------------------------------------------------------------------
Finished Loading Part and Timing Information : Time (s): cpu = 00:01:00 ; elapsed = 00:01:11 . Memory (MB): peak = 822.852 ; gain = 493.941
---------------------------------------------------------------------------------
---------------------------------------------------------------------------------
Start Applying 'set_property' XDC Constraints
---------------------------------------------------------------------------------
Applied set_property DONT_TOUCH = true for U0. (constraint file  F:/FPGA_VIVADO/FPGA_GBET/project_1/project_1.runs/mult_gen_0_synth_1/dont_touch.xdc, line 9).
---------------------------------------------------------------------------------
Finished applying 'set_property' XDC Constraints : Time (s): cpu = 00:01:00 ; elapsed = 00:01:11 . Memory (MB): peak = 822.852 ; gain = 493.941
---------------------------------------------------------------------------------
---------------------------------------------------------------------------------
Finished RTL Optimization Phase 2 : Time (s): cpu = 00:01:02 ; elapsed = 00:01:13 . Memory (MB): peak = 822.852 ; gain = 493.941
---------------------------------------------------------------------------------

Report RTL Partitions: 
+-+--------------+------------+----------+
| |RTL Partition |Replication |Instances |
+-+--------------+------------+----------+
+-+--------------+------------+----------+
---------------------------------------------------------------------------------
Start RTL Component Statistics 
---------------------------------------------------------------------------------
---------------------------------------------------------------------------------
Finished RTL Component Statistics 
---------------------------------------------------------------------------------
---------------------------------------------------------------------------------
Start RTL Hierarchical Component Statistics 
---------------------------------------------------------------------------------
---------------------------------------------------------------------------------
Finished RTL Hierarchical Component Statistics
---------------------------------------------------------------------------------
---------------------------------------------------------------------------------
Start Part Resource Summary
---------------------------------------------------------------------------------
Part Resources:
DSPs: 90 (col length:60)
BRAMs: 100 (col length: RAMB18 60 RAMB36 30)
---------------------------------------------------------------------------------
Finished Part Resource Summary
---------------------------------------------------------------------------------
---------------------------------------------------------------------------------
Start Cross Boundary and Area Optimization
---------------------------------------------------------------------------------
Warning: Parallel synthesis criteria is not met 
WARNING: [Synth 8-3331] design mult_gen_v12_0_14_viv has unconnected port CE
WARNING: [Synth 8-3331] design mult_gen_v12_0_14_viv has unconnected port SCLR
INFO: [Synth 8-3332] Sequential element (gLUT.gLUT_speed.iLUT/NxM_mult.stage_3_add.stage_3_pipeline.s3_add_out_reg[0][34]) is unused and will be removed from module mult_gen_v12_0_14_viv.
INFO: [Synth 8-3332] Sequential element (gLUT.gLUT_speed.iLUT/NxM_mult.stage_3_add.stage_3_pipeline.s3_add_out_reg[0][33]) is unused and will be removed from module mult_gen_v12_0_14_viv.
INFO: [Synth 8-3332] Sequential element (gLUT.gLUT_speed.iLUT/NxM_mult.stage_3_add.stage_3_pipeline.s3_add_out_reg[0][32]) is unused and will be removed from module mult_gen_v12_0_14_viv.
---------------------------------------------------------------------------------
Finished Cross Boundary and Area Optimization : Time (s): cpu = 00:01:04 ; elapsed = 00:01:16 . Memory (MB): peak = 822.852 ; gain = 493.941
---------------------------------------------------------------------------------

Report RTL Partitions: 
+-+--------------+------------+----------+
| |RTL Partition |Replication |Instances |
+-+--------------+------------+----------+
+-+--------------+------------+----------+
---------------------------------------------------------------------------------
Start Applying XDC Timing Constraints
---------------------------------------------------------------------------------
---------------------------------------------------------------------------------
Finished Applying XDC Timing Constraints : Time (s): cpu = 00:01:31 ; elapsed = 00:01:47 . Memory (MB): peak = 822.852 ; gain = 493.941
---------------------------------------------------------------------------------
---------------------------------------------------------------------------------
Start Timing Optimization
---------------------------------------------------------------------------------
---------------------------------------------------------------------------------
Finished Timing Optimization : Time (s): cpu = 00:01:31 ; elapsed = 00:01:47 . Memory (MB): peak = 822.852 ; gain = 493.941
---------------------------------------------------------------------------------

Report RTL Partitions: 
+-+--------------+------------+----------+
| |RTL Partition |Replication |Instances |
+-+--------------+------------+----------+
+-+--------------+------------+----------+
---------------------------------------------------------------------------------
Start Technology Mapping
---------------------------------------------------------------------------------
---------------------------------------------------------------------------------
Finished Technology Mapping : Time (s): cpu = 00:01:31 ; elapsed = 00:01:47 . Memory (MB): peak = 822.852 ; gain = 493.941
---------------------------------------------------------------------------------

Report RTL Partitions: 
+-+--------------+------------+----------+
| |RTL Partition |Replication |Instances |
+-+--------------+------------+----------+
+-+--------------+------------+----------+
---------------------------------------------------------------------------------
Start IO Insertion
---------------------------------------------------------------------------------
---------------------------------------------------------------------------------
Start Flattening Before IO Insertion
---------------------------------------------------------------------------------
---------------------------------------------------------------------------------
Finished Flattening Before IO Insertion
---------------------------------------------------------------------------------
---------------------------------------------------------------------------------
Start Final Netlist Cleanup
---------------------------------------------------------------------------------
---------------------------------------------------------------------------------
Finished Final Netlist Cleanup
---------------------------------------------------------------------------------
---------------------------------------------------------------------------------
Finished IO Insertion : Time (s): cpu = 00:01:33 ; elapsed = 00:01:50 . Memory (MB): peak = 822.852 ; gain = 493.941
---------------------------------------------------------------------------------

Report Check Netlist: 
+------+------------------+-------+---------+-------+------------------+
|      |Item              |Errors |Warnings |Status |Description       |
+------+------------------+-------+---------+-------+------------------+
|1     |multi_driven_nets |      0|        0|Passed |Multi driven nets |
+------+------------------+-------+---------+-------+------------------+
---------------------------------------------------------------------------------
Start Renaming Generated Instances
---------------------------------------------------------------------------------
---------------------------------------------------------------------------------
Finished Renaming Generated Instances : Time (s): cpu = 00:01:33 ; elapsed = 00:01:50 . Memory (MB): peak = 822.852 ; gain = 493.941
---------------------------------------------------------------------------------

Report RTL Partitions: 
+-+--------------+------------+----------+
| |RTL Partition |Replication |Instances |
+-+--------------+------------+----------+
+-+--------------+------------+----------+
---------------------------------------------------------------------------------
Start Rebuilding User Hierarchy
---------------------------------------------------------------------------------
---------------------------------------------------------------------------------
Finished Rebuilding User Hierarchy : Time (s): cpu = 00:01:33 ; elapsed = 00:01:50 . Memory (MB): peak = 822.852 ; gain = 493.941
---------------------------------------------------------------------------------
---------------------------------------------------------------------------------
Start Renaming Generated Ports
---------------------------------------------------------------------------------
---------------------------------------------------------------------------------
Finished Renaming Generated Ports : Time (s): cpu = 00:01:33 ; elapsed = 00:01:50 . Memory (MB): peak = 822.852 ; gain = 493.941
---------------------------------------------------------------------------------
---------------------------------------------------------------------------------
Start Handling Custom Attributes
---------------------------------------------------------------------------------
---------------------------------------------------------------------------------
Finished Handling Custom Attributes : Time (s): cpu = 00:01:33 ; elapsed = 00:01:50 . Memory (MB): peak = 822.852 ; gain = 493.941
---------------------------------------------------------------------------------
---------------------------------------------------------------------------------
Start Renaming Generated Nets
---------------------------------------------------------------------------------
---------------------------------------------------------------------------------
Finished Renaming Generated Nets : Time (s): cpu = 00:01:33 ; elapsed = 00:01:50 . Memory (MB): peak = 822.852 ; gain = 493.941
---------------------------------------------------------------------------------
---------------------------------------------------------------------------------
Start Writing Synthesis Report
---------------------------------------------------------------------------------

Report BlackBoxes: 
+-+--------------+----------+
| |BlackBox name |Instances |
+-+--------------+----------+
+-+--------------+----------+

Report Cell Usage: 
+------+---------+------+
|      |Cell     |Count |
+------+---------+------+
|1     |CARRY4   |    37|
|2     |LUT1     |     6|
|3     |LUT2     |   145|
|4     |LUT3     |    23|
|5     |LUT4     |   120|
|6     |MULT_AND |   135|
|7     |MUXCY    |   136|
|8     |XORCY    |   144|
|9     |FDRE     |    32|
+------+---------+------+
---------------------------------------------------------------------------------
Finished Writing Synthesis Report : Time (s): cpu = 00:01:33 ; elapsed = 00:01:50 . Memory (MB): peak = 822.852 ; gain = 493.941
---------------------------------------------------------------------------------
Synthesis finished with 0 errors, 0 critical warnings and 2 warnings.
Synthesis Optimization Runtime : Time (s): cpu = 00:00:48 ; elapsed = 00:01:27 . Memory (MB): peak = 822.852 ; gain = 172.738
Synthesis Optimization Complete : Time (s): cpu = 00:01:33 ; elapsed = 00:01:50 . Memory (MB): peak = 822.852 ; gain = 493.941
INFO: [Project 1-571] Translating synthesized netlist
INFO: [Netlist 29-17] Analyzing 452 Unisim elements for replacement
INFO: [Netlist 29-28] Unisim Transformation completed in 0 CPU seconds
INFO: [Project 1-570] Preparing netlist for logic optimization
INFO: [Opt 31-138] Pushed 0 inverter(s) to 0 load pin(s).
INFO: [Project 1-111] Unisim Transformation Summary:
  A total of 182 instances were transformed.
  (MUXCY,XORCY) => CARRY4: 47 instances
  MULT_AND => LUT2: 135 instances

INFO: [Common 17-83] Releasing license: Synthesis
19 Infos, 6 Warnings, 0 Critical Warnings and 0 Errors encountered.
synth_design completed successfully
synth_design: Time (s): cpu = 00:01:38 ; elapsed = 00:01:55 . Memory (MB): peak = 830.438 ; gain = 513.000
INFO: [Common 17-1381] The checkpoint 'F:/FPGA_VIVADO/FPGA_GBET/project_1/project_1.runs/mult_gen_0_synth_1/mult_gen_0.dcp' has been generated.
INFO: [Coretcl 2-1482] Added synthesis output to IP cache for IP f:/FPGA_VIVADO/FPGA_GBET/project_1/project_1.srcs/sources_1/ip/mult_gen_0/mult_gen_0.xci
INFO: [Coretcl 2-1174] Renamed 3 cell refs.
INFO: [Common 17-1381] The checkpoint 'F:/FPGA_VIVADO/FPGA_GBET/project_1/project_1.runs/mult_gen_0_synth_1/mult_gen_0.dcp' has been generated.
INFO: [runtcl-4] Executing : report_utilization -file mult_gen_0_utilization_synth.rpt -pb mult_gen_0_utilization_synth.pb
report_utilization: Time (s): cpu = 00:00:00 ; elapsed = 00:00:00.055 . Memory (MB): peak = 830.438 ; gain = 0.000
INFO: [Common 17-206] Exiting Vivado at Mon May  7 20:33:52 2018...
