Exception at PC 0x00007FFA64C73FB8
Exception at PC 0x00007FFA64C73FB8
Exception at PC 0x00007FFA64C73FB8
Exception at PC 0x00007FFA64C73FB8
Exception at PC 0x00007FF9FF6FE132
Attemped to write at address 0x00007FFA3CD84AA4
Printing stacktrace...

[0]  [0x00007FF9FF6FE132]
[1]  [0x00007FF9FF6FE132]
[2]  [0x00007FF9FF6FE194]
[3]  [0x00007FF9FF34D0D7]
[4]  [0x00007FF9FF232BCA]
[5]  [0x00007FF9FF232FD1]
[6]  [0x00007FF9FF6FEB2F]
[7]  [0x00007FF9FF5BC19D]
[8]  [0x00007FF9FF5B5942]
[9]  [0x00007FF9FF5B5AB5]
[10] (RtlDeactivateActivationContextUnsafeFast+0x1b3) [0x00007FFA67E91473]
[11] (LdrShutdownProcess+0x125) [0x00007FFA67EC0695]
[12] (RtlExitUserProcess+0xb4) [0x00007FFA67EC0554]
[13] (ExitProcess+0xa) [0x00007FFA65D1F06A]
[14] (exit+0x75) [0x00007FFA666C9B25]
[15] (initterm_e+0x21d) [0x00007FFA666CA16D]
[16]  [0x00000000004014CD]
[17]  [0x000000000040151B]
[18] (BaseThreadInitThunk+0x14) [0x00007FFA65D21FE4]
[19] (RtlUserThreadStart+0x21) [0x00007FFA67EEEF91]
Done
